[01Feb2025 00:00:58.768] [Server thread/WARN] [net.minecraft.server.MinecraftServer/]: Can't keep up! Is the server overloaded? Running 2018ms or 40 ticks behind
[01Feb2025 00:02:20.917] [Server thread/INFO] [net.minecraft.server.MinecraftServer/]: [Terrain32: Teleported Terrain32 to Juanitoop]
[01Feb2025 00:03:51.152] [Server thread/INFO] [net.minecraft.server.commands.LocateCommand/]: Locating element twilightforest:quest_grove took 22 ms
[01Feb2025 00:03:56.041] [Server thread/INFO] [net.minecraft.server.MinecraftServer/]: [Terrain32: Teleported Terrain32 to -36102.500000, 11.000000, -7142.500000]
[01Feb2025 00:04:08.341] [Server thread/INFO] [net.minecraft.server.MinecraftServer/]: [Juanitoop: Teleported Juanitoop to Terrain32]
[01Feb2025 00:05:02.058] [Server thread/INFO] [net.minecraft.server.MinecraftServer/]: [Terrain32: Set own game mode to Creative Mode]
[01Feb2025 00:06:45.605] [Server thread/INFO] [net.minecraft.server.MinecraftServer/]: Terrain32 has reached the goal [Consummate Baaahs]
[01Feb2025 00:07:46.692] [Server thread/WARN] [net.minecraft.server.MinecraftServer/]: Can't keep up! Is the server overloaded? Running 11192ms or 223 ticks behind
[01Feb2025 00:07:46.713] [Server thread/WARN] [net.minecraft.server.network.ServerGamePacketListenerImpl/]: Terrain32 moved too quickly! -6.856731113359274,3.946831234985872,-6.571272903758654
[01Feb2025 00:09:40.208] [Server thread/WARN] [net.minecraft.server.network.ServerGamePacketListenerImpl/]: Terrain32 moved too quickly! 32163.84682817084,54.07840000152588,6852.898621706947
[01Feb2025 00:09:48.981] [Server thread/INFO] [net.minecraft.server.MinecraftServer/]: [Terrain32: Set own game mode to Survival Mode]
[01Feb2025 00:10:23.781] [Server thread/INFO] [net.minecraft.server.MinecraftServer/]: [Terrain32: Set own game mode to Creative Mode]
[01Feb2025 00:11:32.738] [Server thread/WARN] [net.minecraft.server.MinecraftServer/]: Can't keep up! Is the server overloaded? Running 2238ms or 44 ticks behind
[01Feb2025 00:11:55.070] [Server thread/WARN] [net.minecraft.server.MinecraftServer/]: Can't keep up! Is the server overloaded? Running 7369ms or 147 ticks behind
[01Feb2025 00:15:45.487] [Server thread/INFO] [net.minecraft.server.MinecraftServer/]: [Terrain32: Set own game mode to Survival Mode]
[01Feb2025 00:16:46.799] [Server thread/INFO] [net.minecraft.server.MinecraftServer/]: [Terrain32: Gave 3000 experience points to Juanitoop]
[01Feb2025 00:21:52.039] [Server thread/INFO] [net.minecraft.server.MinecraftServer/]: Juanitoop has made the advancement [Forever Bright?]
[01Feb2025 00:21:52.310] [Server thread/WARN] [net.minecraft.server.MinecraftServer/]: Can't keep up! Is the server overloaded? Running 2010ms or 40 ticks behind
[01Feb2025 00:21:54.025] [Server thread/INFO] [net.minecraft.server.MinecraftServer/]: Terrain32 has made the advancement [Forever Bright?]
[01Feb2025 00:22:52.016] [Server thread/WARN] [net.minecraft.server.network.ServerGamePacketListenerImpl/]: Juanitoop moved too quickly! -4.267046308845238,-0.5751066877110276,17.57909855647722
[01Feb2025 00:22:53.552] [Server thread/WARN] [net.minecraft.server.network.ServerGamePacketListenerImpl/]: Juanitoop moved too quickly! -3.883800641763628,-0.9399071927101943,17.39175403002514
[01Feb2025 00:23:49.062] [Server thread/INFO] [net.minecraft.server.MinecraftServer/]: [Terrain32: Teleported Terrain32 to Juanitoop]
[01Feb2025 00:25:07.329] [Server thread/INFO] [net.minecraft.server.MinecraftServer/]: [Juanitoop: Teleported Juanitoop to Terrain32]
[01Feb2025 00:25:33.182] [Server thread/INFO] [net.minecraft.server.MinecraftServer/]: [Juanitoop: Teleported Juanitoop to Terrain32]
[01Feb2025 00:25:47.600] [Server thread/INFO] [net.minecraft.server.MinecraftServer/]: Juanitoop has reached the goal [The Wizard's Tower]
[01Feb2025 00:25:48.919] [Server thread/INFO] [net.minecraft.server.MinecraftServer/]: Terrain32 has reached the goal [The Wizard's Tower]
[01Feb2025 00:26:34.606] [Server thread/INFO] [net.minecraft.server.MinecraftServer/]: Juanitoop was slain by Vindicator
[01Feb2025 00:26:50.190] [Server thread/INFO] [net.minecraft.server.MinecraftServer/]: [Juanitoop: Teleported Juanitoop to Terrain32]
[01Feb2025 00:26:51.260] [Server thread/INFO] [net.minecraft.server.MinecraftServer/]: Terrain32 was slain by Vindicator
[01Feb2025 00:26:58.888] [Server thread/INFO] [net.minecraft.server.MinecraftServer/]: Juanitoop was slain by Vindicator
[01Feb2025 00:27:03.641] [Server thread/WARN] [net.minecraft.server.MinecraftServer/]: Can't keep up! Is the server overloaded? Running 3191ms or 63 ticks behind
[01Feb2025 00:27:07.915] [Server thread/INFO] [net.minecraft.server.MinecraftServer/]: Terrain32 was slain by Vindicator
[01Feb2025 00:27:15.118] [Server thread/INFO] [net.minecraft.server.MinecraftServer/]: Terrain32 was slain by Vindicator
[01Feb2025 00:27:20.677] [Server thread/INFO] [net.minecraft.server.MinecraftServer/]: Juanitoop was slain by Vindicator
[01Feb2025 00:27:20.826] [Server thread/WARN] [net.minecraft.server.MinecraftServer/]: Can't keep up! Is the server overloaded? Running 2226ms or 44 ticks behind
[01Feb2025 00:27:35.034] [Server thread/INFO] [net.minecraft.server.MinecraftServer/]: [Juanitoop: Teleported Juanitoop to Terrain32]
[01Feb2025 00:28:14.900] [Server thread/INFO] [net.minecraft.server.MinecraftServer/]: Juanitoop has made the advancement [1 Down, 3 to go]
[01Feb2025 00:28:39.154] [Server thread/INFO] [net.minecraft.server.MinecraftServer/]: Terrain32 was slain by Vindicator
[01Feb2025 00:28:49.859] [Server thread/INFO] [net.minecraft.server.MinecraftServer/]: [Terrain32: Teleported Terrain32 to -4748.500000, 106.000000, 134.500000]
[01Feb2025 00:28:49.859] [Server thread/WARN] [net.minecraft.server.MinecraftServer/]: Can't keep up! Is the server overloaded? Running 7159ms or 143 ticks behind
[01Feb2025 00:30:26.417] [Server thread/INFO] [net.minecraft.server.MinecraftServer/]: [Terrain32: Teleported Terrain32 to Juanitoop]
[01Feb2025 00:31:51.766] [Server thread/INFO] [net.minecraft.server.MinecraftServer/]: [Terrain32: Teleported Terrain32 to Juanitoop]
[01Feb2025 00:32:03.608] [Server thread/INFO] [net.minecraft.server.MinecraftServer/]: Juanitoop has made the advancement [A Bright Future!]
[01Feb2025 00:32:14.258] [Server thread/INFO] [net.minecraft.server.MinecraftServer/]: Terrain32 has made the advancement [A Bright Future!]
